Base path: C:/Program Files (x86)/Unity/Editor/Data
Pipe name: \\.\pipe\UnityShaderCompiler-6-6136
Cmd: getPlatforms
Cmd: compileSnippet
  api=0 type=1 insize=1381 outsize=585 kw= ok=1
Cmd: compileSnippet
  api=0 type=1 insize=1788 outsize=505 kw= ok=1
Cmd: compileSnippet
  api=0 type=0 insize=924 outsize=360 kw= ok=1
Cmd: compileSnippet
  api=4 type=0 insize=1179 outsize=1510 kw= ok=1
Cmd: compileSnippet
  api=0 type=0 insize=2137 outsize=863 kw= ok=1
Cmd: compileSnippet
  api=0 type=1 insize=1329 outsize=316 kw= ok=1
Cmd: compileSnippet
  api=4 type=0 insize=1237 outsize=1388 kw= ok=1
Cmd: compileSnippet
  api=0 type=0 insize=1260 outsize=441 kw= ok=1
Cmd: compileSnippet
  api=4 type=0 insize=876 outsize=1193 kw= ok=1
Cmd: compileSnippet
  api=4 type=0 insize=1099 outsize=1510 kw= ok=1
Unhandled exception: Readfile from pipe failed. GLE=The pipe has been ended.


Quitting shader compiler process
